<?xml version="1.0" encoding="UTF-8"?>
<!-- Generated by org.testng.reporters.JUnitXMLReporter -->
<testsuite hostname="Saer-Ubutu32" name="Surefire test" tests="10" failures="0" timestamp="7 Nov 2016 13:38:20 GMT" time="0.891" errors="0">
  <testcase name="testMultiplication on testMultiplication(calculator.saera.senaym.johanm.test.BasicMethodsTest)" time="0.065" classname="calculator.saera.senaym.johanm.test.BasicMethodsTest"/>
  <testcase name="testAddition on testAddition(calculator.saera.senaym.johanm.test.BasicMethodsTest)" time="0.035" classname="calculator.saera.senaym.johanm.test.BasicMethodsTest"/>
  <testcase name="testDivision on testDivision(calculator.saera.senaym.johanm.test.BasicMethodsTest)" time="0.084" classname="calculator.saera.senaym.johanm.test.BasicMethodsTest"/>
  <testcase name="testSubtraction on testSubtraction(calculator.saera.senaym.johanm.test.BasicMethodsTest)" time="0.088" classname="calculator.saera.senaym.johanm.test.BasicMethodsTest"/>
  <testcase name="testCountAbsolute on testCountAbsolute(calculator.saera.senaym.johanm.test.AdvancedMethodsTest)" time="0.094" classname="calculator.saera.senaym.johanm.test.AdvancedMethodsTest"/>
  <testcase name="testRoundNumber on testRoundNumber(calculator.saera.senaym.johanm.test.AdvancedMethodsTest)" time="0.048" classname="calculator.saera.senaym.johanm.test.AdvancedMethodsTest"/>
  <testcase name="testFibonachi on testFibonachi(calculator.saera.senaym.johanm.test.AdvancedMethodsTest)" time="0.049" classname="calculator.saera.senaym.johanm.test.AdvancedMethodsTest"/>
  <testcase name="testCountPow on testCountPow(calculator.saera.senaym.johanm.test.AdvancedMethodsTest)" time="0.045" classname="calculator.saera.senaym.johanm.test.AdvancedMethodsTest"/>
  <testcase name="testCountSin on testCountSin(calculator.saera.senaym.johanm.test.AdvancedMethodsTest)" time="0.032" classname="calculator.saera.senaym.johanm.test.AdvancedMethodsTest"/>
  <testcase name="testCountSquare on testCountSquare(calculator.saera.senaym.johanm.test.AdvancedMethodsTest)" time="0.068" classname="calculator.saera.senaym.johanm.test.AdvancedMethodsTest"/>
</testsuite> <!-- Surefire test -->
